CCS PCH C Compiler, Version 5.007, 61971               11-Nis-22 15:39

               Filename:   C:\Users\Þafak\Desktop\xxx\40khz.lst

               ROM used:   56 bytes (0%)
                           Largest free fragment is 32712
               RAM used:   4 (0%) at main() level
                           4 (0%) worst case
               Stack used: 0 locations
               Stack size: 31

*
0000:  GOTO   0004
.................... #include <40khz.h> 
.................... #include <18F4550.h> 
.................... //////// Standard Header file for the PIC18F4550 device //////////////// 
.................... #device PIC18F4550 
....................  
.................... #list 
....................  
.................... #device ADC=16 
....................  
.................... #FUSES NOWDT                 	//No Watch Dog Timer 
.................... #FUSES WDT128                	//Watch Dog Timer uses 1:128 Postscale 
.................... #FUSES NOBROWNOUT            	//No brownout reset 
.................... #FUSES NOLVP                 	//No low voltage prgming, B3(PIC16) or B5(PIC18) used for I/O 
.................... #FUSES NOXINST               	//Extended set extension and Indexed Addressing mode disabled (Legacy mode) 
....................  
.................... #use delay(crystal=20000000) 
....................  
....................  
....................  
.................... void main() 
0004:  CLRF   FF8
0006:  BCF    FD0.7
0008:  MOVF   FC1,W
000A:  ANDLW  C0
000C:  IORLW  0F
000E:  MOVWF  FC1
0010:  MOVLW  07
0012:  MOVWF  FB4
.................... { 
.................... 	setup_timer_2(T2_DIV_BY_1,124,1);		//25,0 us overflow, 25,0 us interrupt 
0014:  MOVLW  00
0016:  IORLW  04
0018:  MOVWF  FCA
001A:  MOVLW  7C
001C:  MOVWF  FCB
....................  
.................... 	setup_ccp1(CCP_PWM|CCP_SHUTDOWN_AC_L|CCP_SHUTDOWN_BD_L); 
001E:  BCF    F94.2
0020:  BCF    F8B.2
0022:  MOVLW  0C
0024:  MOVWF  FBD
0026:  CLRF   FB7
0028:  CLRF   FB6
.................... 	set_pwm1_duty((int16)248); 
002A:  MOVLW  3E
002C:  MOVWF  FBE
002E:  MOVF   FBD,W
0030:  ANDLW  CF
0032:  MOVWF  FBD
....................  
.................... 	while(TRUE) 
.................... 	{ 
0034:  BRA    0034
.................... 		//TODO: User Code 
.................... 	} 
....................  
.................... } 
0036:  SLEEP 

Configuration Fuses:
   Word  1: CC04   PLL5 CPUDIV1 NOUSBDIV HS FCMEN IESO
   Word  2: 0E38   PUT NOBROWNOUT BORV21 VREGEN NOWDT WDT128
   Word  3: 8700   CCP2C1 PBADEN LPT1OSC MCLR
   Word  4: 00A1   STVREN NOLVP ICSP2 NOXINST NODEBUG
   Word  5: C00F   NOPROTECT NOCPB NOCPD
   Word  6: E00F   NOWRT NOWRTC NOWRTB NOWRTD
   Word  7: 400F   NOEBTR NOEBTRB
