Removed Pin From Net: NetName=+5 Pin=R4-1
Removed Pin From Net: NetName=GND Pin=R4-2
Removed Pin From Net: NetName=GND Pin=R4-2
Removed Pin From Net: NetName=+5 Pin=R5-1
Removed Pin From Net: NetName=GND Pin=R5-2
Removed Pin From Net: NetName=GND Pin=R5-2
Removed Member From Class: ClassName=Sonar_Sheet1 Member=R4
Removed Member From Class: ClassName=Sonar_Sheet1 Member=R5
Added Component: Designator=R?(Trimpot)
Add component (AddParameter): Name = "ComponentLink1Description"; Value = "Satýn Alma Linki"; VariantName = "[No Variations]"
Add component (AddParameter): Name = "ComponentLink1URL"; Value = "https://www.robotistan.com/10k-trimpot-yatik-pt10"; VariantName = "[No Variations]"
Add component (AddParameter): Name = "ComponentLink2Description"; Value = "Datasheet"; VariantName = "[No Variations]"
Add component (AddParameter): Name = "ComponentLink2URL"; Value = "https://www.robotistan.com/10k-trimpot-yatik-pt10"; VariantName = "[No Variations]"
Added Component: Designator=R?(Trimpot)
Add component (AddParameter): Name = "ComponentLink1Description"; Value = "Satýn Alma Linki"; VariantName = "[No Variations]"
Add component (AddParameter): Name = "ComponentLink1URL"; Value = "https://www.robotistan.com/10k-trimpot-yatik-pt10"; VariantName = "[No Variations]"
Add component (AddParameter): Name = "ComponentLink2Description"; Value = "Datasheet"; VariantName = "[No Variations]"
Add component (AddParameter): Name = "ComponentLink2URL"; Value = "https://www.robotistan.com/10k-trimpot-yatik-pt10"; VariantName = "[No Variations]"
Added Pin To Net: NetName=+5 Pin=R?-1
Added Pin To Net: NetName=+5 Pin=R?-1
Added Pin To Net: NetName=NetM1_3 Pin=R?-2
Added Pin To Net: NetName=GND Pin=R?-3
Added Pin To Net: NetName=GND Pin=R?-3
Added Pin To Net: NetName=NetR?_2 Pin=R?-2
Added Pin To Net: NetName=NetR?_2 Pin=U1-1
Added Pin To Net: NetName=NetR?_2 Pin=U1-8
Added Net: Name=NetR?_2
Added Member To Class: ClassName=Sonar_Sheet1 Member=Component R? Trimpot
Added Member To Class: ClassName=Sonar_Sheet1 Member=Component R? Trimpot
