Added Component: Designator=J1(Header)
Add component (AddParameter): Name = "ComponentLink1Description"; Value = "Satýn Alma Linki"; VariantName = "[No Variations]"
Add component (AddParameter): Name = "ComponentLink1URL"; Value = "https://www.direnc.net/1x40-precision-disi-header"; VariantName = "[No Variations]"
Add component (AddParameter): Name = "ComponentLink2Description"; Value = "Datasheet"; VariantName = "[No Variations]"
Add component (AddParameter): Name = "ComponentLink2URL"; Value = "https://www.signal.com.tr/pdf/cat/PH1S15_17_25-2XX-L_U.pdf"; VariantName = "[No Variations]"
Added Component: Designator=R1(THT CAP POL)
Add component (AddParameter): Name = "ComponentLink10Description"; Value = "Satýn Alma Linki"; VariantName = "[No Variations]"
Add component (AddParameter): Name = "ComponentLink10URL"; Value = "https://www.direnc.net/47uf16v"; VariantName = "[No Variations]"
Add component (AddParameter): Name = "ComponentLink11Description"; Value = "Satýn Alma Linki"; VariantName = "[No Variations]"
Add component (AddParameter): Name = "ComponentLink11URL"; Value = "https://www.direnc.net/2-pin-508mm-90-gecmeli-takim-klemens"; VariantName = "[No Variations]"
Add component (AddParameter): Name = "ComponentLink12Description"; Value = "Satýn Alma Linki"; VariantName = "[No Variations]"
Add component (AddParameter): Name = "ComponentLink12URL"; Value = "https://www.direnc.net/2-pin-508mm-90-erkek-gecmeli-yesil-klemens-1"; VariantName = "[No Variations]"
Added Component: Designator=R2(THT Res)
Add component (AddParameter): Name = "ComponentLink10Description"; Value = "Satýn Alma Linki"; VariantName = "[No Variations]"
Add component (AddParameter): Name = "ComponentLink10URL"; Value = "https://www.robolinkmarket.com/1-4w-4r7-direnc-paketi-10-adet?_sgm_campaign=fcs_9ec70268bc000&_sgm_source=5399%7Cproduct&_sgm_action=search&_sgm_term=diren%C3%A7"; VariantName = "[No Variations]"
Add component (AddParameter): Name = "ComponentLink11Description"; Value = "Satýn Alma Linki"; VariantName = "[No Variations]"
Add component (AddParameter): Name = "ComponentLink11URL"; Value = "https://www.direnc.net/2-pin-508mm-90-erkek-gecmeli-yesil-klemens-1"; VariantName = "[No Variations]"
Add component (AddParameter): Name = "ComponentLink12Description"; Value = "Satýn Alma Linki"; VariantName = "[No Variations]"
Add component (AddParameter): Name = "ComponentLink12URL"; Value = "https://www.direnc.net/2-pin-508mm-90-gecmeli-takim-klemens"; VariantName = "[No Variations]"
Added Component: Designator=R3(THT Res)
Add component (AddParameter): Name = "ComponentLink10Description"; Value = "Satýn Alma Linki"; VariantName = "[No Variations]"
Add component (AddParameter): Name = "ComponentLink10URL"; Value = "https://www.robolinkmarket.com/1-4w-4r7-direnc-paketi-10-adet?_sgm_campaign=fcs_9ec70268bc000&_sgm_source=5399%7Cproduct&_sgm_action=search&_sgm_term=diren%C3%A7"; VariantName = "[No Variations]"
Add component (AddParameter): Name = "ComponentLink11Description"; Value = "Satýn Alma Linki"; VariantName = "[No Variations]"
Add component (AddParameter): Name = "ComponentLink11URL"; Value = "https://www.direnc.net/2-pin-508mm-90-erkek-gecmeli-yesil-klemens-1"; VariantName = "[No Variations]"
Add component (AddParameter): Name = "ComponentLink12Description"; Value = "Satýn Alma Linki"; VariantName = "[No Variations]"
Add component (AddParameter): Name = "ComponentLink12URL"; Value = "https://www.direnc.net/2-pin-508mm-90-gecmeli-takim-klemens"; VariantName = "[No Variations]"
Added Component: Designator=U1(Transfornator)
Add component (AddParameter): Name = "ComponentLink1Description"; Value = "Satýn Alma Linki"; VariantName = "[No Variations]"
Add component (AddParameter): Name = "ComponentLink1URL"; Value = "https://www.direnc.net/2-pin-508mm-90-erkek-gecmeli-yesil-klemens-1"; VariantName = "[No Variations]"
Add component (AddParameter): Name = "ComponentLink3Description"; Value = "Satýn Alma Linki"; VariantName = "[No Variations]"
Add component (AddParameter): Name = "ComponentLink3URL"; Value = "https://www.direnc.net/2-pin-508mm-90-gecmeli-takim-klemens"; VariantName = "[No Variations]"
Added Component: Designator=U2(Logic_Mosfet)
Add component (AddParameter): Name = "ComponentLink1Description"; Value = "Satýn Alma Linki"; VariantName = "[No Variations]"
Add component (AddParameter): Name = "ComponentLink1URL"; Value = "https://www.robotistan.com/buz101l-29a-50v-mosfet-logl-logic-level-to220?language=tr&h=3cb70a68"; VariantName = "[No Variations]"
Add component (AddParameter): Name = "ComponentLink2Description"; Value = "Satýn Alma Linki"; VariantName = "[No Variations]"
Add component (AddParameter): Name = "ComponentLink2URL"; Value = "https://www.robolinkmarket.com/buz101l-29a-50v-mosfet-logl-logic-level-to220-mosfet"; VariantName = "[No Variations]"
Add component (AddParameter): Name = "ComponentLink3Description"; Value = "Datasheet"; VariantName = "[No Variations]"
Add component (AddParameter): Name = "ComponentLink3URL"; Value = "https://www.robolinkmarket.com/Data/EditorFiles/PDF/buz101l.pdf"; VariantName = "[No Variations]"
Add component (AddParameter): Name = "ComponentLink4Description"; Value = "Satýn Alma Linki"; VariantName = "[No Variations]"
Add component (AddParameter): Name = "ComponentLink4URL"; Value = "https://www.direnc.net/3-pin-508mm-disi-gecmeli-klemens-11943"; VariantName = "[No Variations]"
Add component (AddParameter): Name = "ComponentLink5Description"; Value = "Satýn Alma Linki"; VariantName = "[No Variations]"
Add component (AddParameter): Name = "ComponentLink5URL"; Value = "https://www.direnc.net/3-pin-508mm-90-gecmeli-takim-klemens"; VariantName = "[No Variations]"
Add component (AddParameter): Name = "ComponentLink6Description"; Value = "Satýn Alma Linki"; VariantName = "[No Variations]"
Add component (AddParameter): Name = "ComponentLink6URL"; Value = "https://www.direnc.net/irlz44n-d2pak-smd-n-kanal-mosfet"; VariantName = "[No Variations]"
Add component (AddParameter): Name = "ComponentLink7Description"; Value = "Datasheet"; VariantName = "[No Variations]"
Add component (AddParameter): Name = "ComponentLink7URL"; Value = "https://pdf.direnc.net/upload/irlz44nslpbf-datasheet.pdf"; VariantName = "[No Variations]"
Added Pin To Net: NetName=+5 Pin=J1-3
Added Pin To Net: NetName=+5 Pin=R3-7
Added Pin To Net: NetName=+5 Pin=R3-8
Added Pin To Net: NetName=+5 Pin=R3-9
Added Net: Name=+5
Added Pin To Net: NetName=GND Pin=J1-4
Added Pin To Net: NetName=GND Pin=R1-4
Added Pin To Net: NetName=GND Pin=R1-5
Added Pin To Net: NetName=GND Pin=R1-6
Added Pin To Net: NetName=GND Pin=R2-1
Added Pin To Net: NetName=GND Pin=R2-2
Added Pin To Net: NetName=GND Pin=R2-3
Added Pin To Net: NetName=GND Pin=U2-4
Added Net: Name=GND
Added Pin To Net: NetName=NetJ1_1 Pin=J1-1
Added Pin To Net: NetName=NetJ1_1 Pin=R2-7
Added Pin To Net: NetName=NetJ1_1 Pin=R2-8
Added Pin To Net: NetName=NetJ1_1 Pin=R2-9
Added Pin To Net: NetName=NetJ1_1 Pin=U2-1
Added Pin To Net: NetName=NetJ1_1 Pin=U2-2
Added Pin To Net: NetName=NetJ1_1 Pin=U2-3
Added Net: Name=NetJ1_1
Added Pin To Net: NetName=NetR1_1 Pin=R1-1
Added Pin To Net: NetName=NetR1_1 Pin=R1-3
Added Pin To Net: NetName=NetR1_1 Pin=R1-4
Added Pin To Net: NetName=NetR1_1 Pin=R3-1
Added Pin To Net: NetName=NetR1_1 Pin=R3-2
Added Pin To Net: NetName=NetR1_1 Pin=R3-3
Added Pin To Net: NetName=NetR1_1 Pin=U1-1
Added Net: Name=NetR1_1
Added Pin To Net: NetName=NetU1_2 Pin=U1-2
Added Pin To Net: NetName=NetU1_2 Pin=U2-5
Added Pin To Net: NetName=NetU1_2 Pin=U2-6
Added Pin To Net: NetName=NetU1_2 Pin=U2-7
Added Net: Name=NetU1_2
Added Class: Name=Sonar_Gonderici_Sheet1
Added Room: Name=Sonar_Gonderici_Sheet1
