
ROM used:   343/8192 (4%)
            343/8192 (4%) including unused fragments

            0.3 Average locations per line
            3.1 Average locations per statement

RAM used:   6/368 (2%) at main() level
            16/368 (4%) worst case

Stack used: 0 worst case (0 in main + 0 for interrupts)
Stack size: 8

Lines Stmts  %   Files
----- ----- ---  -----
   26     9   8  PIC CCS C.c
   10     0   0  PIC CCS C.h
  661     0   0  ..\..\..\..\Program Files (x86)\PICC\Devices\16F877A.h
  456   100  92  ..\..\..\..\Program Files (x86)\PICC\Drivers\lcd.c
----- -----
 1153   109 Total

Page ROM  %  RAM   Vol Diff  Functions:
---- --- --- ---   --- ----  ----------
0     21   6    1             @delay_ms1
0      8   2    0             @const626
 Inline         3   760  4.5  lcd_read_byte
0     49  14    2   262  3.7  lcd_read_nibble
0     43  13    1   399  2.4  lcd_send_nibble
 Inline         3   415  3.7  lcd_send_byte
0    151  44    2   704  5.0  lcd_init
0     67  20    0   176  2.7  MAIN
 Inline         0             @cinit1

Program metrics:
    Functions               6
    Statements              109
    Comments                212
    Volume (V)              3905
    Difficulty (D)          21.9
    Effort to implement (E) 85336
    Time to implement (T)   1 hours, 19 minutes
    Est Delivered Bugs (B)  1
    Cyclomatic Complexity   2
    Maintainability (MI)    101

 Segment     Used  Free
-----------  ----  ----
00000-00003     4  0  
00004-007FF   339  1705  
00800-00FFF     0  2048  
01000-017FF     0  2048  
01800-01FFF     0  2048  



