CCS PCM C Compiler, Version 5.007, 61971               21-Nis-22 22:12

               Filename:   C:\Users\Þafak\Desktop\PIC CCS C LCD\PIC CCS C.lst

               ROM used:   343 words (4%)
                           Largest free fragment is 2048
               RAM used:   6 (2%) at main() level
                           16 (4%) worst case
               Stack used: 0 locations
               Stack size: 8

*
0000:  MOVLW  01
0001:  MOVWF  0A
0002:  GOTO   114
0003:  NOP
.................... #include <PIC CCS C.h> 
.................... #include <16F877A.h> 
.................... //////// Standard Header file for the PIC16F877A device //////////////// 
.................... #device PIC16F877A 
0004:  BCF    0A.0
0005:  BCF    0A.1
0006:  BCF    0A.2
0007:  ADDWF  02,F
0008:  RETLW  28
0009:  RETLW  0C
000A:  RETLW  01
000B:  RETLW  06
....................  
.................... #list 
....................  
.................... #device ADC=16 
....................  
.................... #FUSES NOWDT                 	//No Watch Dog Timer 
.................... #FUSES NOBROWNOUT            	//No brownout reset 
.................... #FUSES NOLVP                 	//No low voltage prgming, B3(PIC16) or B5(PIC18) used for I/O 
....................  
.................... #use delay(crystal=4000000) 
000C:  MOVLW  24
000D:  MOVWF  04
000E:  BCF    03.7
000F:  MOVF   00,W
0010:  BTFSC  03.2
0011:  GOTO   020
0012:  MOVLW  01
0013:  MOVWF  78
0014:  CLRF   77
0015:  DECFSZ 77,F
0016:  GOTO   015
0017:  DECFSZ 78,F
0018:  GOTO   014
0019:  MOVLW  4A
001A:  MOVWF  77
001B:  DECFSZ 77,F
001C:  GOTO   01B
001D:  GOTO   01E
001E:  DECFSZ 00,F
001F:  GOTO   012
0020:  RETURN
....................  
....................  
.................... #define LCD_ENABLE_PIN PIN_E2 
.................... #define LCD_RS_PIN PIN_E0 
.................... #define LCD_RW_PIN PIN_E1 
.................... #define LCD_DATA4 PIN_D4 
.................... #define LCD_DATA5 PIN_D5 
.................... #define LCD_DATA6 PIN_D6 
.................... #define LCD_DATA7 PIN_D7 
....................  
.................... #include <lcd.c> 
.................... /////////////////////////////////////////////////////////////////////////////// 
.................... ////                             LCD.C                                     //// 
.................... ////                 Driver for common LCD modules                         //// 
.................... ////                                                                       //// 
.................... ////  lcd_init()   Must be called before any other function.               //// 
.................... ////                                                                       //// 
.................... ////  lcd_putc(c)  Will display c on the next position of the LCD.         //// 
.................... ////                 \a  Set cursor position to upper left                 //// 
.................... ////                 \f  Clear display, set cursor to upper left           //// 
.................... ////                 \n  Go to start of second line                        //// 
.................... ////                 \b  Move back one position                            //// 
.................... ////              If LCD_EXTENDED_NEWLINE is defined, the \n character     //// 
.................... ////              will erase all remanining characters on the current      //// 
.................... ////              line, and move the cursor to the beginning of the next   //// 
.................... ////              line.                                                    //// 
.................... ////              If LCD_EXTENDED_NEWLINE is defined, the \r character     //// 
.................... ////              will move the cursor to the start of the current         //// 
.................... ////              line.                                                    //// 
.................... ////                                                                       //// 
.................... ////  lcd_gotoxy(x,y) Set write position on LCD (upper left is 1,1)        //// 
.................... ////                                                                       //// 
.................... ////  lcd_getc(x,y)   Returns character at position x,y on LCD             //// 
.................... ////                                                                       //// 
.................... ////  lcd_cursor_on(int1 on)   Turn the cursor on (on=TRUE) or off         //// 
.................... ////              (on=FALSE).                                              //// 
.................... ////                                                                       //// 
.................... ////  lcd_set_cgram_char(w, *p)   Write a custom character to the CGRAM.   //// 
.................... ////                                                                       //// 
.................... ////                                                                       //// 
.................... ////  CONFIGURATION                                                        //// 
.................... ////  The LCD can be configured in one of two ways: a.) port access or     //// 
.................... ////  b.) pin access.  Port access requires the entire 7 bit interface     //// 
.................... ////  connected to one GPIO port, and the data bits (D4:D7 of the LCD)     //// 
.................... ////  connected to sequential pins on the GPIO.  Pin access                //// 
.................... ////  has no requirements, all 7 bits of the control interface can         //// 
.................... ////  can be connected to any GPIO using several ports.                    //// 
.................... ////                                                                       //// 
.................... ////  To use port access, #define LCD_DATA_PORT to the SFR location of     //// 
.................... ////  of the GPIO port that holds the interface, -AND- edit LCD_PIN_MAP    //// 
.................... ////  of this file to configure the pin order.  If you are using a         //// 
.................... ////  baseline PIC (PCB), then LCD_OUTPUT_MAP and LCD_INPUT_MAP also must  //// 
.................... ////  be defined.                                                          //// 
.................... ////                                                                       //// 
.................... ////  Example of port access:                                              //// 
.................... ////     #define LCD_DATA_PORT getenv("SFR:PORTD")                         //// 
.................... ////                                                                       //// 
.................... ////  To use pin access, the following pins must be defined:               //// 
.................... ////     LCD_ENABLE_PIN                                                    //// 
.................... ////     LCD_RS_PIN                                                        //// 
.................... ////     LCD_RW_PIN                                                        //// 
.................... ////     LCD_DATA4                                                         //// 
.................... ////     LCD_DATA5                                                         //// 
.................... ////     LCD_DATA6                                                         //// 
.................... ////     LCD_DATA7                                                         //// 
.................... ////                                                                       //// 
.................... ////  Example of pin access:                                               //// 
.................... ////     #define LCD_ENABLE_PIN  PIN_E0                                    //// 
.................... ////     #define LCD_RS_PIN      PIN_E1                                    //// 
.................... ////     #define LCD_RW_PIN      PIN_E2                                    //// 
.................... ////     #define LCD_DATA4       PIN_D4                                    //// 
.................... ////     #define LCD_DATA5       PIN_D5                                    //// 
.................... ////     #define LCD_DATA6       PIN_D6                                    //// 
.................... ////     #define LCD_DATA7       PIN_D7                                    //// 
.................... ////                                                                       //// 
.................... /////////////////////////////////////////////////////////////////////////////// 
.................... ////        (C) Copyright 1996,2010 Custom Computer Services           //// 
.................... //// This source code may only be used by licensed users of the CCS C  //// 
.................... //// compiler.  This source code may only be distributed to other      //// 
.................... //// licensed users of the CCS C compiler.  No other use, reproduction //// 
.................... //// or distribution is permitted without written permission.          //// 
.................... //// Derivative programs created using this software in object code    //// 
.................... //// form are not restricted in any way.                               //// 
.................... /////////////////////////////////////////////////////////////////////////// 
....................  
.................... #ifndef __LCD_C__ 
.................... #define __LCD_C__ 
....................  
.................... // define the pinout. 
.................... // only required if port access is being used. 
.................... typedef struct   
.................... {                            // This structure is overlayed 
....................    int1 enable;           // on to an I/O port to gain 
....................    int1 rs;               // access to the LCD pins. 
....................    int1 rw;               // The bits are allocated from 
....................    int1 unused;           // low order up.  ENABLE will 
....................    unsigned int     data : 4;         // be LSB pin of that port. 
....................   #if defined(__PCD__)       // The port used will be LCD_DATA_PORT. 
....................    unsigned int    reserved: 8; 
....................   #endif 
.................... } LCD_PIN_MAP; 
....................  
.................... // this is to improve compatability with previous LCD drivers that accepted 
.................... // a define labeled 'use_portb_lcd' that configured the LCD onto port B. 
.................... #if ((defined(use_portb_lcd)) && (use_portb_lcd==TRUE)) 
....................  #define LCD_DATA_PORT getenv("SFR:PORTB") 
.................... #endif 
....................  
.................... #if defined(__PCB__) 
....................    // these definitions only need to be modified for baseline PICs. 
....................    // all other PICs use LCD_PIN_MAP or individual LCD_xxx pin definitions. 
.................... /*                                    EN, RS,   RW,   UNUSED,  DATA  */ 
....................  const LCD_PIN_MAP LCD_OUTPUT_MAP =  {0,  0,    0,    0,       0}; 
....................  const LCD_PIN_MAP LCD_INPUT_MAP =   {0,  0,    0,    0,       0xF}; 
.................... #endif 
....................  
.................... ////////////////////// END CONFIGURATION /////////////////////////////////// 
....................  
.................... #ifndef LCD_ENABLE_PIN 
....................    #define lcd_output_enable(x) lcdlat.enable=x 
....................    #define lcd_enable_tris()   lcdtris.enable=0 
.................... #else 
....................    #define lcd_output_enable(x) output_bit(LCD_ENABLE_PIN, x) 
....................    #define lcd_enable_tris()  output_drive(LCD_ENABLE_PIN) 
.................... #endif 
....................  
.................... #ifndef LCD_RS_PIN 
....................    #define lcd_output_rs(x) lcdlat.rs=x 
....................    #define lcd_rs_tris()   lcdtris.rs=0 
.................... #else 
....................    #define lcd_output_rs(x) output_bit(LCD_RS_PIN, x) 
....................    #define lcd_rs_tris()  output_drive(LCD_RS_PIN) 
.................... #endif 
....................  
.................... #ifndef LCD_RW_PIN 
....................    #define lcd_output_rw(x) lcdlat.rw=x 
....................    #define lcd_rw_tris()   lcdtris.rw=0 
.................... #else 
....................    #define lcd_output_rw(x) output_bit(LCD_RW_PIN, x) 
....................    #define lcd_rw_tris()  output_drive(LCD_RW_PIN) 
.................... #endif 
....................  
.................... // original version of this library incorrectly labeled LCD_DATA0 as LCD_DATA4, 
.................... // LCD_DATA1 as LCD_DATA5, and so on.  this block of code makes the driver 
.................... // compatible with any code written for the original library 
.................... #if (defined(LCD_DATA0) && defined(LCD_DATA1) && defined(LCD_DATA2) && defined(LCD_DATA3) && !defined(LCD_DATA4) && !defined(LCD_DATA5) && !defined(LCD_DATA6) && !defined(LCD_DATA7)) 
....................    #define  LCD_DATA4    LCD_DATA0 
....................    #define  LCD_DATA5    LCD_DATA1 
....................    #define  LCD_DATA6    LCD_DATA2 
....................    #define  LCD_DATA7    LCD_DATA3 
.................... #endif 
....................  
.................... #ifndef LCD_DATA4 
.................... #ifndef LCD_DATA_PORT 
....................    #if defined(__PCB__) 
....................       #define LCD_DATA_PORT      0x06     //portb 
....................       #define set_tris_lcd(x)   set_tris_b(x) 
....................    #else 
....................      #if defined(PIN_D0) 
....................       #define LCD_DATA_PORT      getenv("SFR:PORTD")     //portd 
....................      #else 
....................       #define LCD_DATA_PORT      getenv("SFR:PORTB")     //portb 
....................      #endif 
....................    #endif    
.................... #endif 
....................  
.................... #if defined(__PCB__) 
....................    LCD_PIN_MAP lcd, lcdlat; 
....................    #byte lcd = LCD_DATA_PORT 
....................    #byte lcdlat = LCD_DATA_PORT 
.................... #elif defined(__PCM__) 
....................    LCD_PIN_MAP lcd, lcdlat, lcdtris; 
....................    #byte lcd = LCD_DATA_PORT 
....................    #byte lcdlat = LCD_DATA_PORT 
....................    #byte lcdtris = LCD_DATA_PORT+0x80 
.................... #elif defined(__PCH__) 
....................    LCD_PIN_MAP lcd, lcdlat, lcdtris; 
....................    #byte lcd = LCD_DATA_PORT 
....................    #byte lcdlat = LCD_DATA_PORT+9 
....................    #byte lcdtris = LCD_DATA_PORT+0x12 
.................... #elif defined(__PCD__) 
....................    LCD_PIN_MAP lcd, lcdlat, lcdtris; 
....................    #word lcd = LCD_DATA_PORT 
....................    #word lcdlat = LCD_DATA_PORT+2 
....................    #word lcdtris = LCD_DATA_PORT-0x02 
.................... #endif 
.................... #endif   //LCD_DATA4 not defined 
....................  
.................... #ifndef LCD_TYPE 
....................    #define LCD_TYPE 2           // 0=5x7, 1=5x10, 2=2 lines 
.................... #endif 
....................  
.................... #ifndef LCD_LINE_TWO 
....................    #define LCD_LINE_TWO 0x40    // LCD RAM address for the second line 
.................... #endif 
....................  
.................... #ifndef LCD_LINE_LENGTH 
....................    #define LCD_LINE_LENGTH 20 
.................... #endif 
....................  
.................... unsigned int8 const LCD_INIT_STRING[4] = {0x20 | (LCD_TYPE << 2), 0xc, 1, 6}; 
....................                              // These bytes need to be sent to the LCD 
....................                              // to start it up. 
....................  
.................... unsigned int8 lcd_read_nibble(void); 
....................  
.................... unsigned int8 lcd_read_byte(void) 
.................... { 
....................    unsigned int8 low,high; 
....................  
....................  #if defined(__PCB__) 
....................    set_tris_lcd(LCD_INPUT_MAP); 
....................  #else 
....................   #if (defined(LCD_DATA4) && defined(LCD_DATA5) && defined(LCD_DATA6) && defined(LCD_DATA7)) 
....................    output_float(LCD_DATA4); 
*
00BC:  BSF    08.4
....................    output_float(LCD_DATA5); 
00BD:  BSF    08.5
....................    output_float(LCD_DATA6); 
00BE:  BSF    08.6
....................    output_float(LCD_DATA7); 
00BF:  BSF    08.7
....................   #else 
....................    lcdtris.data = 0xF; 
....................   #endif 
....................  #endif 
....................          
....................    lcd_output_rw(1); 
00C0:  BCF    03.5
00C1:  BSF    09.1
00C2:  BSF    03.5
00C3:  BCF    09.1
....................    delay_cycles(1); 
00C4:  NOP
....................    lcd_output_enable(1); 
00C5:  BCF    03.5
00C6:  BSF    09.2
00C7:  BSF    03.5
00C8:  BCF    09.2
....................    delay_cycles(1); 
00C9:  NOP
....................    high = lcd_read_nibble(); 
00CA:  BCF    03.5
00CB:  CALL   04C
00CC:  MOVF   78,W
00CD:  MOVWF  28
....................        
....................    lcd_output_enable(0); 
00CE:  BCF    09.2
00CF:  BSF    03.5
00D0:  BCF    09.2
....................    delay_cycles(1); 
00D1:  NOP
....................    lcd_output_enable(1); 
00D2:  BCF    03.5
00D3:  BSF    09.2
00D4:  BSF    03.5
00D5:  BCF    09.2
....................    delay_us(1); 
00D6:  NOP
....................    low = lcd_read_nibble(); 
00D7:  BCF    03.5
00D8:  CALL   04C
00D9:  MOVF   78,W
00DA:  MOVWF  27
....................        
....................    lcd_output_enable(0); 
00DB:  BCF    09.2
00DC:  BSF    03.5
00DD:  BCF    09.2
....................  
....................  #if defined(__PCB__) 
....................    set_tris_lcd(LCD_OUTPUT_MAP); 
....................  #else 
....................   #if (defined(LCD_DATA4) && defined(LCD_DATA5) && defined(LCD_DATA6) && defined(LCD_DATA7)) 
....................    output_drive(LCD_DATA4); 
00DE:  BCF    08.4
....................    output_drive(LCD_DATA5); 
00DF:  BCF    08.5
....................    output_drive(LCD_DATA6); 
00E0:  BCF    08.6
....................    output_drive(LCD_DATA7); 
00E1:  BCF    08.7
....................   #else 
....................    lcdtris.data = 0x0; 
....................   #endif 
....................  #endif 
....................  
....................    return( (high<<4) | low); 
00E2:  BCF    03.5
00E3:  SWAPF  28,W
00E4:  MOVWF  77
00E5:  MOVLW  F0
00E6:  ANDWF  77,F
00E7:  MOVF   77,W
00E8:  IORWF  27,W
00E9:  MOVWF  78
.................... } 
....................  
.................... unsigned int8 lcd_read_nibble(void) 
.................... { 
....................   #if (defined(LCD_DATA4) && defined(LCD_DATA5) && defined(LCD_DATA6) && defined(LCD_DATA7)) 
*
004C:  CLRF   29
....................    unsigned int8 n = 0x00; 
....................  
....................    /* Read the data port */ 
....................    n |= input(LCD_DATA4); 
004D:  BSF    03.5
004E:  BSF    08.4
004F:  MOVLW  00
0050:  BCF    03.5
0051:  BTFSC  08.4
0052:  MOVLW  01
0053:  IORWF  29,F
....................    n |= input(LCD_DATA5) << 1; 
0054:  BSF    03.5
0055:  BSF    08.5
0056:  MOVLW  00
0057:  BCF    03.5
0058:  BTFSC  08.5
0059:  MOVLW  01
005A:  MOVWF  77
005B:  BCF    03.0
005C:  RLF    77,F
005D:  MOVF   77,W
005E:  IORWF  29,F
....................    n |= input(LCD_DATA6) << 2; 
005F:  BSF    03.5
0060:  BSF    08.6
0061:  MOVLW  00
0062:  BCF    03.5
0063:  BTFSC  08.6
0064:  MOVLW  01
0065:  MOVWF  77
0066:  RLF    77,F
0067:  RLF    77,F
0068:  MOVLW  FC
0069:  ANDWF  77,F
006A:  MOVF   77,W
006B:  IORWF  29,F
....................    n |= input(LCD_DATA7) << 3; 
006C:  BSF    03.5
006D:  BSF    08.7
006E:  MOVLW  00
006F:  BCF    03.5
0070:  BTFSC  08.7
0071:  MOVLW  01
0072:  MOVWF  77
0073:  RLF    77,F
0074:  RLF    77,F
0075:  RLF    77,F
0076:  MOVLW  F8
0077:  ANDWF  77,F
0078:  MOVF   77,W
0079:  IORWF  29,F
....................     
....................    return(n); 
007A:  MOVF   29,W
007B:  MOVWF  78
....................   #else 
007C:  RETURN
....................    return(lcd.data); 
....................   #endif 
.................... } 
....................  
.................... void lcd_send_nibble(unsigned int8 n) 
.................... { 
....................   #if (defined(LCD_DATA4) && defined(LCD_DATA5) && defined(LCD_DATA6) && defined(LCD_DATA7)) 
....................    /* Write to the data port */ 
....................    output_bit(LCD_DATA4, bit_test(n, 0)); 
*
0021:  BTFSC  28.0
0022:  GOTO   025
0023:  BCF    08.4
0024:  GOTO   026
0025:  BSF    08.4
0026:  BSF    03.5
0027:  BCF    08.4
....................    output_bit(LCD_DATA5, bit_test(n, 1)); 
0028:  BCF    03.5
0029:  BTFSC  28.1
002A:  GOTO   02D
002B:  BCF    08.5
002C:  GOTO   02E
002D:  BSF    08.5
002E:  BSF    03.5
002F:  BCF    08.5
....................    output_bit(LCD_DATA6, bit_test(n, 2)); 
0030:  BCF    03.5
0031:  BTFSC  28.2
0032:  GOTO   035
0033:  BCF    08.6
0034:  GOTO   036
0035:  BSF    08.6
0036:  BSF    03.5
0037:  BCF    08.6
....................    output_bit(LCD_DATA7, bit_test(n, 3)); 
0038:  BCF    03.5
0039:  BTFSC  28.3
003A:  GOTO   03D
003B:  BCF    08.7
003C:  GOTO   03E
003D:  BSF    08.7
003E:  BSF    03.5
003F:  BCF    08.7
....................   #else       
....................    lcdlat.data = n; 
....................   #endif 
....................        
....................    delay_cycles(1); 
0040:  NOP
....................    lcd_output_enable(1); 
0041:  BCF    03.5
0042:  BSF    09.2
0043:  BSF    03.5
0044:  BCF    09.2
....................    delay_us(2); 
0045:  GOTO   046
....................    lcd_output_enable(0); 
0046:  BCF    03.5
0047:  BCF    09.2
0048:  BSF    03.5
0049:  BCF    09.2
004A:  BCF    03.5
004B:  RETURN
.................... } 
....................  
.................... void lcd_send_byte(unsigned int8 address, unsigned int8 n) 
.................... { 
....................   #if defined(__PCB__) 
....................    set_tris_lcd(LCD_OUTPUT_MAP); 
....................   #else 
....................    lcd_enable_tris(); 
*
00B4:  BSF    03.5
00B5:  BCF    09.2
....................    lcd_rs_tris(); 
00B6:  BCF    09.0
....................    lcd_rw_tris(); 
00B7:  BCF    09.1
....................   #endif 
....................  
....................    lcd_output_rs(0); 
00B8:  BCF    03.5
00B9:  BCF    09.0
00BA:  BSF    03.5
00BB:  BCF    09.0
....................    while ( bit_test(lcd_read_byte(),7) ) ; 
*
00EA:  MOVF   78,W
00EB:  MOVWF  27
00EC:  BTFSS  27.7
00ED:  GOTO   0F0
00EE:  BSF    03.5
00EF:  GOTO   0BC
....................    lcd_output_rs(address); 
00F0:  MOVF   25,F
00F1:  BTFSS  03.2
00F2:  GOTO   0F5
00F3:  BCF    09.0
00F4:  GOTO   0F6
00F5:  BSF    09.0
00F6:  BSF    03.5
00F7:  BCF    09.0
....................    delay_cycles(1); 
00F8:  NOP
....................    lcd_output_rw(0); 
00F9:  BCF    03.5
00FA:  BCF    09.1
00FB:  BSF    03.5
00FC:  BCF    09.1
....................    delay_cycles(1); 
00FD:  NOP
....................    lcd_output_enable(0); 
00FE:  BCF    03.5
00FF:  BCF    09.2
0100:  BSF    03.5
0101:  BCF    09.2
....................    lcd_send_nibble(n >> 4); 
0102:  BCF    03.5
0103:  SWAPF  26,W
0104:  MOVWF  27
0105:  MOVLW  0F
0106:  ANDWF  27,F
0107:  MOVF   27,W
0108:  MOVWF  28
0109:  CALL   021
....................    lcd_send_nibble(n & 0xf); 
010A:  MOVF   26,W
010B:  ANDLW  0F
010C:  MOVWF  27
010D:  MOVWF  28
010E:  CALL   021
.................... } 
....................  
.................... #if defined(LCD_EXTENDED_NEWLINE) 
.................... unsigned int8 g_LcdX, g_LcdY; 
.................... #endif 
....................  
.................... void lcd_init(void)  
.................... { 
....................    unsigned int8 i; 
....................  
....................  #if defined(__PCB__) 
....................    set_tris_lcd(LCD_OUTPUT_MAP); 
....................  #else 
....................   #if (defined(LCD_DATA4) && defined(LCD_DATA5) && defined(LCD_DATA6) && defined(LCD_DATA7)) 
....................    output_drive(LCD_DATA4); 
*
007D:  BSF    03.5
007E:  BCF    08.4
....................    output_drive(LCD_DATA5); 
007F:  BCF    08.5
....................    output_drive(LCD_DATA6); 
0080:  BCF    08.6
....................    output_drive(LCD_DATA7); 
0081:  BCF    08.7
....................   #else 
....................    lcdtris.data = 0x0; 
....................   #endif 
....................    lcd_enable_tris(); 
0082:  BCF    09.2
....................    lcd_rs_tris(); 
0083:  BCF    09.0
....................    lcd_rw_tris(); 
0084:  BCF    09.1
....................  #endif 
....................  
....................    lcd_output_rs(0); 
0085:  BCF    03.5
0086:  BCF    09.0
0087:  BSF    03.5
0088:  BCF    09.0
....................    lcd_output_rw(0); 
0089:  BCF    03.5
008A:  BCF    09.1
008B:  BSF    03.5
008C:  BCF    09.1
....................    lcd_output_enable(0); 
008D:  BCF    03.5
008E:  BCF    09.2
008F:  BSF    03.5
0090:  BCF    09.2
....................      
....................    delay_ms(15); 
0091:  MOVLW  0F
0092:  BCF    03.5
0093:  MOVWF  24
0094:  CALL   00C
....................    for(i=1;i<=3;++i) 
0095:  MOVLW  01
0096:  MOVWF  23
0097:  MOVF   23,W
0098:  SUBLW  03
0099:  BTFSS  03.0
009A:  GOTO   0A3
....................    { 
....................        lcd_send_nibble(3); 
009B:  MOVLW  03
009C:  MOVWF  28
009D:  CALL   021
....................        delay_ms(5); 
009E:  MOVLW  05
009F:  MOVWF  24
00A0:  CALL   00C
00A1:  INCF   23,F
00A2:  GOTO   097
....................    } 
....................     
....................    lcd_send_nibble(2); 
00A3:  MOVLW  02
00A4:  MOVWF  28
00A5:  CALL   021
....................    delay_ms(5); 
00A6:  MOVLW  05
00A7:  MOVWF  24
00A8:  CALL   00C
....................    for(i=0;i<=3;++i) 
00A9:  CLRF   23
00AA:  MOVF   23,W
00AB:  SUBLW  03
00AC:  BTFSS  03.0
00AD:  GOTO   111
....................       lcd_send_byte(0,LCD_INIT_STRING[i]); 
00AE:  MOVF   23,W
00AF:  CALL   004
00B0:  MOVWF  24
00B1:  CLRF   25
00B2:  MOVF   24,W
00B3:  MOVWF  26
....................  
....................   #if defined(LCD_EXTENDED_NEWLINE) 
*
010F:  INCF   23,F
0110:  GOTO   0AA
0111:  BCF    0A.3
0112:  BCF    0A.4
0113:  GOTO   13F (RETURN)
....................    g_LcdX = 0; 
....................    g_LcdY = 0; 
....................   #endif 
.................... } 
....................  
.................... void lcd_gotoxy(unsigned int8 x, unsigned int8 y) 
.................... { 
....................    unsigned int8 address; 
....................     
....................    if(y!=1) 
....................       address=LCD_LINE_TWO; 
....................    else 
....................       address=0; 
....................       
....................    address+=x-1; 
....................    lcd_send_byte(0,0x80|address); 
....................  
....................   #if defined(LCD_EXTENDED_NEWLINE) 
....................    g_LcdX = x - 1; 
....................    g_LcdY = y - 1; 
....................   #endif 
.................... } 
....................  
.................... void lcd_putc(char c) 
.................... { 
....................    switch (c) 
....................    { 
....................       case '\a'   :  lcd_gotoxy(1,1);     break; 
....................  
....................       case '\f'   :  lcd_send_byte(0,1); 
....................                      delay_ms(2); 
....................                     #if defined(LCD_EXTENDED_NEWLINE) 
....................                      g_LcdX = 0; 
....................                      g_LcdY = 0; 
....................                     #endif 
....................                      break; 
....................  
....................      #if defined(LCD_EXTENDED_NEWLINE) 
....................       case '\r'   :  lcd_gotoxy(1, g_LcdY+1);   break; 
....................       case '\n'   : 
....................          while (g_LcdX++ < LCD_LINE_LENGTH) 
....................          { 
....................             lcd_send_byte(1, ' '); 
....................          } 
....................          lcd_gotoxy(1, g_LcdY+2); 
....................          break; 
....................      #else 
....................       case '\n'   : lcd_gotoxy(1,2);        break; 
....................      #endif 
....................       
....................       case '\b'   : lcd_send_byte(0,0x10);  break; 
....................       
....................      #if defined(LCD_EXTENDED_NEWLINE) 
....................       default     :  
....................          if (g_LcdX < LCD_LINE_LENGTH) 
....................          { 
....................             lcd_send_byte(1, c); 
....................             g_LcdX++; 
....................          } 
....................          break; 
....................      #else 
....................       default     : lcd_send_byte(1,c);     break; 
....................      #endif 
....................    } 
.................... } 
....................   
.................... char lcd_getc(unsigned int8 x, unsigned int8 y) 
.................... { 
....................    char value; 
....................  
....................    lcd_gotoxy(x,y); 
....................    while ( bit_test(lcd_read_byte(),7) ); // wait until busy flag is low 
....................    lcd_output_rs(1); 
....................    value = lcd_read_byte(); 
....................    lcd_output_rs(0); 
....................     
....................    return(value); 
.................... } 
....................  
.................... // write a custom character to the ram 
.................... // which is 0-7 and specifies which character array we are modifying. 
.................... // ptr points to an array of 8 bytes, where each byte is the next row of 
.................... //    pixels.  only bits 0-4 are used.  the last row is the cursor row, and 
.................... //    usually you will want to leave this byte 0x00. 
.................... void lcd_set_cgram_char(unsigned int8 which, unsigned int8 *ptr) 
.................... { 
....................    unsigned int i; 
....................  
....................    which <<= 3; 
....................    which &= 0x38; 
....................  
....................    lcd_send_byte(0, 0x40 | which);  //set cgram address 
....................  
....................    for(i=0; i<8; i++) 
....................    { 
....................       lcd_send_byte(1, *ptr++); 
....................    } 
....................    
....................    #if defined(LCD_EXTENDED_NEWLINE) 
....................     lcd_gotoxy(g_LcdX+1, g_LcdY+1);  //set ddram address 
....................    #endif 
.................... } 
....................  
.................... void lcd_cursor_on(int1 on) 
.................... { 
....................    if (on) 
....................    { 
....................       lcd_send_byte(0,0x0F);           //turn LCD cursor ON 
....................    } 
....................    else 
....................    { 
....................       lcd_send_byte(0,0x0C);           //turn LCD cursor OFF 
....................    } 
.................... } 
....................  
.................... #endif 
....................  
....................  
.................... void main() 
0114:  MOVLW  FF
0115:  MOVWF  20
0116:  BSF    03.5
0117:  BSF    1F.0
0118:  BSF    1F.1
0119:  BSF    1F.2
011A:  BCF    1F.3
011B:  MOVLW  07
011C:  MOVWF  1C
011D:  BCF    03.7
011E:  MOVLW  1F
011F:  ANDWF  03,F
.................... { 
....................    setup_adc(ADC_CLOCK_DIV_32); 
0120:  BCF    1F.6
0121:  BCF    03.5
0122:  BCF    1F.6
0123:  BSF    1F.7
0124:  BSF    03.5
0125:  BCF    1F.7
0126:  BCF    03.5
0127:  BSF    1F.0
....................    setup_adc_ports(AN0); 
0128:  BSF    03.5
0129:  BCF    1F.0
012A:  BSF    1F.1
012B:  BSF    1F.2
012C:  BSF    1F.3
....................    setup_timer_2(T2_DIV_BY_16,256,1); 
012D:  MOVLW  00
012E:  MOVWF  78
012F:  IORLW  06
0130:  BCF    03.5
0131:  MOVWF  12
0132:  MOVLW  00
0133:  BSF    03.5
0134:  MOVWF  12
....................    setup_CCP1(CCP_PWM); 
0135:  BCF    03.5
0136:  BCF    20.2
0137:  MOVF   20,W
0138:  BSF    03.5
0139:  MOVWF  07
013A:  BCF    03.5
013B:  BCF    07.2
013C:  MOVLW  0C
013D:  MOVWF  17
....................    lcd_init(); 
013E:  GOTO   07D
....................    int16 Duty = 1; 
013F:  CLRF   22
0140:  MOVLW  01
0141:  MOVWF  21
....................    while(TRUE) 
....................    { 
....................       set_pwm1_duty(Duty); 
0142:  MOVF   22,W
0143:  MOVWF  79
0144:  MOVF   21,W
0145:  MOVWF  78
0146:  RRF    79,F
0147:  RRF    78,F
0148:  RRF    79,F
0149:  RRF    78,F
014A:  RRF    79,F
014B:  MOVF   78,W
014C:  MOVWF  15
014D:  RRF    79,F
014E:  RRF    79,W
014F:  ANDLW  30
0150:  MOVWF  77
0151:  MOVF   17,W
0152:  ANDLW  CF
0153:  IORWF  77,W
0154:  MOVWF  17
0155:  GOTO   142
....................    } 
....................  
.................... } 
0156:  SLEEP

Configuration Fuses:
   Word  1: 3F31   XT NOWDT PUT NOBROWNOUT NOLVP NOCPD NOWRT NODEBUG NOPROTECT
